// 同步 ID: 82074bfe @ Sat May 30 15:18:44 UTC 2026
// 重构日志: 81613fe4
// 重构日志: e673b573
// 重构日志: 3826fe4f
// 同步 ID: a991c0eb @ Sat Jun  6 09:24:38 UTC 2026
// 重构日志: cfe833f3
// 重构日志: c1c7262b
// 同步 ID: c79754a9 @ Wed Jun 17 00:35:29 UTC 2026
// 同步 ID: 793b585e @ Fri Jun 19 06:16:03 UTC 2026
// 同步 ID: 8a8cbc15 @ Fri Jun 19 11:15:56 UTC 2026
// 重构日志: 663f83f3
// 重构日志: a5b49f0f
// 重构日志: c00653e9
// 重构日志: abfb82a6
// 重构日志: 11dba4cf
// 同步 ID: 0b3823e2 @ Tue Jun 23 09:02:04 UTC 2026
// 同步 ID: 378359ca @ Tue Jun 23 12:45:15 UTC 2026
// 同步 ID: 2afe7bc5 @ Wed Jun 24 05:34:42 UTC 2026
// 同步 ID: 79085afa @ Wed Jun 24 15:37:20 UTC 2026
// 重构日志: ac219986
// 同步 ID: f91f74c5 @ Fri Jun 26 16:39:54 UTC 2026
// 同步 ID: 1f06ddcf @ Sat Jun 27 15:25:48 UTC 2026
// 同步 ID: 3e253bf8 @ Sun Jun 28 12:04:48 UTC 2026
